[2020-10-24T07:38:06+0000] [PACMAN] Running 'pacman -Syy'
[2020-10-24T07:38:06+0000] [PACMAN] synchronizing package lists
[2020-10-24T07:38:33+0000] [PACMAN] Running 'pacman -S --noconfirm --color=always archlinux-keyring archlinuxarm-keyring ca-certificates-utils'
[2020-10-24T07:38:36+0000] [ALPM] transaction started
[2020-10-24T07:38:36+0000] [ALPM] installed archlinux-keyring (20200820-1)
[2020-10-24T07:38:37+0000] [ALPM-SCRIPTLET] ==> Appending keys from archlinux.gpg...
[2020-10-24T07:39:14+0000] [ALPM-SCRIPTLET] ==> Locally signing trusted keys in keyring...
[2020-10-24T07:39:14+0000] [ALPM-SCRIPTLET]   -> Locally signing key D8AFDDA07A5B6EDFA7D8CCDAD6D055F927843F1C...
[2020-10-24T07:39:15+0000] [ALPM-SCRIPTLET]   -> Locally signing key DDB867B92AA789C165EEFA799B729B06A680C281...
[2020-10-24T07:39:17+0000] [ALPM-SCRIPTLET]   -> Locally signing key 91FFE0700E80619CEB73235CA88E23E377514E00...
[2020-10-24T07:39:19+0000] [ALPM-SCRIPTLET]   -> Locally signing key 0E8B644079F599DFC1DDC3973348882F6AC6A4C2...
[2020-10-24T07:39:21+0000] [ALPM-SCRIPTLET]   -> Locally signing key AB19265E5D7D20687D303246BA1DFB64FFF979E7...
[2020-10-24T07:39:24+0000] [ALPM-SCRIPTLET] ==> Importing owner trust values...
[2020-10-24T07:39:24+0000] [ALPM-SCRIPTLET] gpg: inserting ownertrust of 4
[2020-10-24T07:39:24+0000] [ALPM-SCRIPTLET] gpg: setting ownertrust to 4
[2020-10-24T07:39:24+0000] [ALPM-SCRIPTLET] gpg: setting ownertrust to 4
[2020-10-24T07:39:24+0000] [ALPM-SCRIPTLET] gpg: setting ownertrust to 4
[2020-10-24T07:39:24+0000] [ALPM-SCRIPTLET] gpg: setting ownertrust to 4
[2020-10-24T07:39:24+0000] [ALPM-SCRIPTLET] ==> Disabling revoked keys in keyring...
[2020-10-24T07:39:24+0000] [ALPM-SCRIPTLET]   -> Disabling key 8F76BEEA0289F9E1D3E229C05F946DED983D4366...
[2020-10-24T07:39:26+0000] [ALPM-SCRIPTLET]   -> Disabling key 63F395DE2D6398BBE458F281F2DBB4931985A992...
[2020-10-24T07:39:27+0000] [ALPM-SCRIPTLET]   -> Disabling key 50F33E2E5B0C3D900424ABE89BDCF497A4BBCC7F...
[2020-10-24T07:39:29+0000] [ALPM-SCRIPTLET]   -> Disabling key 27FFC4769E19F096D41D9265A04F9397CDFD6BB0...
[2020-10-24T07:39:31+0000] [ALPM-SCRIPTLET]   -> Disabling key 39F880E50E49A4D11341E8F939E4F17F295AFBF4...
[2020-10-24T07:39:33+0000] [ALPM-SCRIPTLET]   -> Disabling key 8840BD07FC24CB7CE394A07CCF7037A4F27FB7DA...
[2020-10-24T07:39:34+0000] [ALPM-SCRIPTLET]   -> Disabling key 5559BC1A32B8F76B3FCCD9555FA5E5544F010D48...
[2020-10-24T07:39:36+0000] [ALPM-SCRIPTLET]   -> Disabling key 0B20CA1931F5DA3A70D0F8D2EA6836E1AB441196...
[2020-10-24T07:39:38+0000] [ALPM-SCRIPTLET]   -> Disabling key 07DFD3A0BC213FA12EDC217559B3122E2FA915EC...
[2020-10-24T07:39:40+0000] [ALPM-SCRIPTLET]   -> Disabling key 4FCF887689C41B09506BE8D5F3E1D5C5D30DB0AD...
[2020-10-24T07:39:41+0000] [ALPM-SCRIPTLET]   -> Disabling key 5A2257D19FF7E1E0E415968CE62F853100F0D0F0...
[2020-10-24T07:39:43+0000] [ALPM-SCRIPTLET]   -> Disabling key D921CABED130A5690EF1896E81AF739EC0711BF1...
[2020-10-24T07:39:45+0000] [ALPM-SCRIPTLET]   -> Disabling key 7FA647CD89891DEDC060287BB9113D1ED21E1A55...
[2020-10-24T07:39:47+0000] [ALPM-SCRIPTLET]   -> Disabling key BC1FBE4D2826A0B51E47ED62E2539214C6C11350...
[2020-10-24T07:39:49+0000] [ALPM-SCRIPTLET]   -> Disabling key 4A8B17E20B88ACA61860009B5CED81B7C2E5C0D2...
[2020-10-24T07:39:50+0000] [ALPM-SCRIPTLET]   -> Disabling key 5696C003B0854206450C8E5BE613C09CB4440678...
[2020-10-24T07:39:52+0000] [ALPM-SCRIPTLET]   -> Disabling key 684148BB25B49E986A4944C55184252D824B18E8...
[2020-10-24T07:39:54+0000] [ALPM-SCRIPTLET]   -> Disabling key 8CF934E339CAD8ABF342E822E711306E3C4F88BC...
[2020-10-24T07:39:56+0000] [ALPM-SCRIPTLET]   -> Disabling key F5A361A3A13554B85E57DDDAAF7EF7873CFD4BB6...
[2020-10-24T07:39:57+0000] [ALPM-SCRIPTLET]   -> Disabling key 5E7585ADFF106BFFBBA319DC654B877A0864983E...
[2020-10-24T07:39:59+0000] [ALPM-SCRIPTLET]   -> Disabling key 65EEFE022108E2B708CBFCF7F9E712E59AF5F22A...
[2020-10-24T07:40:01+0000] [ALPM-SCRIPTLET]   -> Disabling key 40440DC037C05620984379A6761FAD69BA06C6A9...
[2020-10-24T07:40:03+0000] [ALPM-SCRIPTLET]   -> Disabling key 34C5D94FE7E7913E86DC427E7FB1A3800C84C0A5...
[2020-10-24T07:40:04+0000] [ALPM-SCRIPTLET]   -> Disabling key 81D7F8241DB38BC759C80FCE3A726C6170E80477...
[2020-10-24T07:40:06+0000] [ALPM-SCRIPTLET]   -> Disabling key E7210A59715F6940CF9A4E36A001876699AD6E84...
[2020-10-24T07:40:08+0000] [ALPM-SCRIPTLET]   -> Disabling key 5357F3B111688D88C1D88119FCF2CB179205AC90...
[2020-10-24T07:40:10+0000] [ALPM-SCRIPTLET]   -> Disabling key 4D913AECD81726D9A6C74F0ADA6426DD215B37AD...
[2020-10-24T07:40:12+0000] [ALPM-SCRIPTLET]   -> Disabling key FB871F0131FEA4FB5A9192B4C8880A6406361833...
[2020-10-24T07:40:13+0000] [ALPM-SCRIPTLET]   -> Disabling key 66BD74A036D522F51DD70A3C7F2A16726521E06D...
[2020-10-24T07:40:15+0000] [ALPM-SCRIPTLET]   -> Disabling key B1F2C889CB2CCB2ADA36D963097D629E437520BD...
[2020-10-24T07:40:17+0000] [ALPM-SCRIPTLET]   -> Disabling key 9515D8A8EAB88E49BB65EDBCE6B456CAF15447D5...
[2020-10-24T07:40:19+0000] [ALPM-SCRIPTLET]   -> Disabling key 76B4192E902C0A52642C63C273B8ED52F1D357C1...
[2020-10-24T07:40:20+0000] [ALPM-SCRIPTLET]   -> Disabling key 40776A5221EF5AD468A4906D42A1DB15EC133BAD...
[2020-10-24T07:40:22+0000] [ALPM-SCRIPTLET]   -> Disabling key D4DE5ABDE2A7287644EAC7E36D1A9E70E19DAA50...
[2020-10-24T07:40:24+0000] [ALPM-SCRIPTLET]   -> Disabling key 44D4A033AC140143927397D47EFD567D4C7EA887...
[2020-10-24T07:40:26+0000] [ALPM-SCRIPTLET] ==> Updating trust database...
[2020-10-24T07:40:26+0000] [ALPM-SCRIPTLET] gpg: key 1EB2638FF56C0C53: no user ID for key signature packet of class 10
[2020-10-24T07:40:26+0000] [ALPM-SCRIPTLET] gpg: key 1EB2638FF56C0C53: no user ID for key signature packet of class 10
[2020-10-24T07:40:26+0000] [ALPM-SCRIPTLET] gpg: key 786C63F330D7CB92: no user ID for key signature packet of class 10
[2020-10-24T07:40:26+0000] [ALPM-SCRIPTLET] gpg: key 786C63F330D7CB92: no user ID for key signature packet of class 10
[2020-10-24T07:40:26+0000] [ALPM-SCRIPTLET] gpg: key 786C63F330D7CB92: no user ID for key signature packet of class 10
[2020-10-24T07:40:26+0000] [ALPM-SCRIPTLET] gpg: key 786C63F330D7CB92: no user ID for key signature packet of class 10
[2020-10-24T07:40:26+0000] [ALPM-SCRIPTLET] gpg: key 786C63F330D7CB92: no user ID for key signature packet of class 10
[2020-10-24T07:40:26+0000] [ALPM-SCRIPTLET] gpg: key 786C63F330D7CB92: no user ID for key signature packet of class 10
[2020-10-24T07:40:26+0000] [ALPM-SCRIPTLET] gpg: key 786C63F330D7CB92: no user ID for key signature packet of class 10
[2020-10-24T07:40:26+0000] [ALPM-SCRIPTLET] gpg: key 786C63F330D7CB92: no user ID for key signature packet of class 10
[2020-10-24T07:40:26+0000] [ALPM-SCRIPTLET] gpg: key 786C63F330D7CB92: no user ID for key signature packet of class 10
[2020-10-24T07:40:26+0000] [ALPM-SCRIPTLET] gpg: key 786C63F330D7CB92: no user ID for key signature packet of class 10
[2020-10-24T07:40:26+0000] [ALPM-SCRIPTLET] gpg: key 786C63F330D7CB92: no user ID for key signature packet of class 10
[2020-10-24T07:40:26+0000] [ALPM-SCRIPTLET] gpg: key 786C63F330D7CB92: no user ID for key signature packet of class 10
[2020-10-24T07:40:26+0000] [ALPM-SCRIPTLET] gpg: key 786C63F330D7CB92: no user ID for key signature packet of class 10
[2020-10-24T07:40:26+0000] [ALPM-SCRIPTLET] gpg: key 786C63F330D7CB92: no user ID for key signature packet of class 10
[2020-10-24T07:40:26+0000] [ALPM-SCRIPTLET] gpg: key 786C63F330D7CB92: no user ID for key signature packet of class 10
[2020-10-24T07:40:26+0000] [ALPM-SCRIPTLET] gpg: key 786C63F330D7CB92: no user ID for key signature packet of class 10
[2020-10-24T07:40:26+0000] [ALPM-SCRIPTLET] gpg: key 786C63F330D7CB92: no user ID for key signature packet of class 10
[2020-10-24T07:40:26+0000] [ALPM-SCRIPTLET] gpg: key 786C63F330D7CB92: no user ID for key signature packet of class 10
[2020-10-24T07:40:26+0000] [ALPM-SCRIPTLET] gpg: key 786C63F330D7CB92: no user ID for key signature packet of class 10
[2020-10-24T07:40:26+0000] [ALPM-SCRIPTLET] gpg: key 786C63F330D7CB92: no user ID for key signature packet of class 10
[2020-10-24T07:40:26+0000] [ALPM-SCRIPTLET] gpg: key 786C63F330D7CB92: no user ID for key signature packet of class 10
[2020-10-24T07:40:26+0000] [ALPM-SCRIPTLET] gpg: key 786C63F330D7CB92: no user ID for key signature packet of class 10
[2020-10-24T07:40:26+0000] [ALPM-SCRIPTLET] gpg: key 786C63F330D7CB92: no user ID for key signature packet of class 10
[2020-10-24T07:40:26+0000] [ALPM-SCRIPTLET] gpg: key 786C63F330D7CB92: no user ID for key signature packet of class 10
[2020-10-24T07:40:26+0000] [ALPM-SCRIPTLET] gpg: key 786C63F330D7CB92: no user ID for key signature packet of class 10
[2020-10-24T07:40:26+0000] [ALPM-SCRIPTLET] gpg: key 786C63F330D7CB92: no user ID for key signature packet of class 10
[2020-10-24T07:40:26+0000] [ALPM-SCRIPTLET] gpg: key 786C63F330D7CB92: no user ID for key signature packet of class 10
[2020-10-24T07:40:26+0000] [ALPM-SCRIPTLET] gpg: key 786C63F330D7CB92: no user ID for key signature packet of class 10
[2020-10-24T07:40:26+0000] [ALPM-SCRIPTLET] gpg: marginals needed: 3  completes needed: 1  trust model: pgp
[2020-10-24T07:40:26+0000] [ALPM-SCRIPTLET] gpg: depth: 0  valid:   1  signed:   8  trust: 0-, 0q, 0n, 0m, 0f, 1u
[2020-10-24T07:40:27+0000] [ALPM-SCRIPTLET] gpg: depth: 1  valid:   8  signed:  81  trust: 0-, 0q, 0n, 8m, 0f, 0u
[2020-10-24T07:40:27+0000] [ALPM-SCRIPTLET] gpg: depth: 2  valid:  78  signed:  25  trust: 78-, 0q, 0n, 0m, 0f, 0u
[2020-10-24T07:40:27+0000] [ALPM-SCRIPTLET] gpg: next trustdb check due at 2021-01-01
[2020-10-24T07:40:28+0000] [ALPM] reinstalled archlinuxarm-keyring (20140119-1)
[2020-10-24T07:40:29+0000] [ALPM-SCRIPTLET] ==> Appending keys from archlinuxarm.gpg...
[2020-10-24T07:40:29+0000] [ALPM-SCRIPTLET] ==> Locally signing trusted keys in keyring...
[2020-10-24T07:40:29+0000] [ALPM-SCRIPTLET]   -> Locally signing key 69DD6C8FD314223E14362848BF7EEF7A9C6B5765...
[2020-10-24T07:40:29+0000] [ALPM-SCRIPTLET]   -> Locally signing key 02922214DE8981D14DC2ACABBC704E86B823CD25...
[2020-10-24T07:40:29+0000] [ALPM-SCRIPTLET]   -> Locally signing key 9D22B7BB678DC056B1F7723CB55C5315DCD9EE1A...
[2020-10-24T07:40:29+0000] [ALPM-SCRIPTLET] ==> Importing owner trust values...
[2020-10-24T07:40:29+0000] [ALPM-SCRIPTLET] ==> Updating trust database...
[2020-10-24T07:40:30+0000] [ALPM-SCRIPTLET] gpg: next trustdb check due at 2021-01-01
[2020-10-24T07:40:30+0000] [ALPM] reinstalled ca-certificates-utils (20181109-4)
[2020-10-24T07:40:31+0000] [ALPM] transaction completed
[2020-10-24T07:40:31+0000] [ALPM] running '30-systemd-update.hook'...
[2020-10-24T07:40:31+0000] [ALPM] running '40-update-ca-trust.hook'...
[2020-10-24T07:41:24+0000] [PACMAN] Running 'pacman -Rc --noconfirm --color=always linux-armv7 linux-firmware'
[2020-10-24T07:41:24+0000] [ALPM] transaction started
[2020-10-24T07:41:41+0000] [ALPM] removed linux-armv7 (5.8.0-1)
[2020-10-24T07:41:47+0000] [ALPM] removed linux-firmware (20200721.2b823fc-1)
[2020-10-24T07:41:48+0000] [ALPM] transaction completed
[2020-10-24T07:41:49+0000] [ALPM] running '30-systemd-update.hook'...
[2020-10-24T07:41:49+0000] [ALPM] running '60-depmod.hook'...
[2020-10-24T07:41:49+0000] [PACMAN] Running 'pacman -Su --noconfirm --color=always patch sudo unzip'
[2020-10-24T07:41:49+0000] [PACMAN] starting full system upgrade
[2020-10-24T07:43:39+0000] [ALPM] transaction started
[2020-10-24T07:43:39+0000] [ALPM] removed libutil-linux (2.36-1)
[2020-10-24T07:43:50+0000] [ALPM] upgraded linux-api-headers (5.6.11-1 -> 5.8-1)
[2020-10-24T07:44:37+0000] [ALPM] upgraded tzdata (2020a-1 -> 2020b-2)
[2020-10-24T07:44:37+0000] [ALPM] upgraded iana-etc (20200720-1 -> 20201012-1)
[2020-10-24T07:44:38+0000] [ALPM] upgraded filesystem (2020.05.20-1 -> 2020.09.03-1)
[2020-10-24T07:44:42+0000] [ALPM] warning: /etc/locale.gen installed as /etc/locale.gen.pacnew
[2020-10-24T07:45:00+0000] [ALPM] upgraded glibc (2.31-2 -> 2.32-2)
[2020-10-24T07:45:00+0000] [ALPM-SCRIPTLET] Generating locales...
[2020-10-24T07:45:12+0000] [ALPM-SCRIPTLET]   en_US.UTF-8... done
[2020-10-24T07:45:12+0000] [ALPM-SCRIPTLET] Generation complete.
[2020-10-24T07:45:13+0000] [ALPM] installed patch (2.7.6-8)
[2020-10-24T07:45:13+0000] [ALPM] upgraded pambase (20190105.1-2 -> 20200721.1-2)
[2020-10-24T07:45:13+0000] [ALPM] upgraded libcap-ng (0.7.10-1 -> 0.8-1)
[2020-10-24T07:45:21+0000] [ALPM] upgraded gcc-libs (9.3.0-1 -> 10.2.0-1)
[2020-10-24T07:45:24+0000] [ALPM] upgraded bash (5.0.017-1 -> 5.0.018-1)
[2020-10-24T07:45:24+0000] [ALPM] installed util-linux-libs (2.36-4)
[2020-10-24T07:45:26+0000] [ALPM] upgraded e2fsprogs (1.45.6-2 -> 1.45.6-3)
[2020-10-24T07:45:27+0000] [ALPM] installed libxcrypt (4.4.17-1)
[2020-10-24T07:46:16+0000] [ALPM] upgraded perl (5.32.0-1 -> 5.32.0-3)
[2020-10-24T07:47:24+0000] [ALPM] upgraded openssl (1.1.1.g-2 -> 1.1.1.h-1)
[2020-10-24T07:47:27+0000] [ALPM] upgraded libldap (2.4.50-2 -> 2.4.53-1)
[2020-10-24T07:47:34+0000] [ALPM] upgraded pam (1.3.1-2 -> 1.4.0-3)
[2020-10-24T07:47:35+0000] [ALPM] upgraded libgpg-error (1.38-1 -> 1.39-1)
[2020-10-24T07:47:37+0000] [ALPM] installed sudo (1.9.3.p1-1)
[2020-10-24T07:47:37+0000] [ALPM] installed unzip (6.0-14)
[2020-10-24T07:47:38+0000] [ALPM] upgraded libcap (2.38-1 -> 2.44-1)
[2020-10-24T07:47:38+0000] [ALPM] upgraded systemd-libs (246.1-1 -> 246.6-1.1)
[2020-10-24T07:47:41+0000] [ALPM] upgraded libp11-kit (0.23.20-5 -> 0.23.21-1)
[2020-10-24T07:47:42+0000] [ALPM] upgraded p11-kit (0.23.20-5 -> 0.23.21-1)
[2020-10-24T07:47:42+0000] [ALPM] upgraded ca-certificates-mozilla (3.55-2 -> 3.58-1)
[2020-10-24T07:47:43+0000] [ALPM] upgraded cryptsetup (2.3.3-1 -> 2.3.4-1)
[2020-10-24T07:47:43+0000] [ALPM] upgraded libpsl (0.21.0-2 -> 0.21.1-1)
[2020-10-24T07:47:50+0000] [ALPM] upgraded curl (7.71.1-1 -> 7.73.0-1)
[2020-10-24T07:48:03+0000] [ALPM] upgraded kbd (2.2.0-5 -> 2.3.0-2)
[2020-10-24T07:48:03+0000] [ALPM] upgraded kmod (27-1 -> 27-2)
[2020-10-24T07:48:04+0000] [ALPM] upgraded hwids (20200306-1 -> 20200813.1-1)
[2020-10-24T07:48:04+0000] [ALPM] upgraded libelf (0.180-1 -> 0.181-1)
[2020-10-24T07:48:05+0000] [ALPM] upgraded libseccomp (2.4.2-1 -> 2.4.2-1.1)
[2020-10-24T07:48:12+0000] [ALPM] upgraded shadow (4.8.1-3 -> 4.8.1-4)
[2020-10-24T07:48:12+0000] [ALPM-SCRIPTLET] Could not set capabilities on /usr/bin/newuidmap: Permission denied
[2020-10-24T07:48:12+0000] [ALPM-SCRIPTLET] Could not set capabilities on /usr/bin/newgidmap: Permission denied
[2020-10-24T07:48:18+0000] [ALPM] upgraded util-linux (2.36-1 -> 2.36-4)
[2020-10-24T07:48:19+0000] [ALPM] upgraded expat (2.2.9-3 -> 2.2.10-2)
[2020-10-24T07:48:20+0000] [ALPM] upgraded libpcap (1.9.1-2 -> 1.9.1-4)
[2020-10-24T07:48:47+0000] [ALPM] upgraded systemd (246.1-1 -> 246.6-1.1)
[2020-10-24T07:48:48+0000] [ALPM] warning: directory permissions differ on /var/lib/dhcpcd/
filesystem: 700  package: 755
[2020-10-24T07:48:48+0000] [ALPM] upgraded dhcpcd (9.1.4-2 -> 9.2.0-1)
[2020-10-24T07:48:48+0000] [ALPM] upgraded dnssec-anchors (20190629-2 -> 20190629-3)
[2020-10-24T07:48:57+0000] [ALPM] upgraded glib2 (2.64.4-1 -> 2.66.2-1)
[2020-10-24T07:49:01+0000] [ALPM] upgraded gettext (0.20.2-1 -> 0.21-1)
[2020-10-24T07:49:01+0000] [ALPM] upgraded libksba (1.4.0-1 -> 1.4.0-2)
[2020-10-24T07:49:21+0000] [ALPM] upgraded gnutls (3.6.14-2 -> 3.6.15-1)
[2020-10-24T07:49:21+0000] [ALPM] upgraded sqlite (3.32.3-1 -> 3.33.0-2)
[2020-10-24T07:49:24+0000] [ALPM] upgraded libsecret (0.20.3-1 -> 0.20.4-1)
[2020-10-24T07:49:27+0000] [ALPM] upgraded gnupg (2.2.21-1 -> 2.2.23-1)
[2020-10-24T07:49:29+0000] [ALPM] upgraded grep (3.4-1 -> 3.5-1)
[2020-10-24T07:49:31+0000] [ALPM] upgraded iproute2 (5.7.0-1 -> 5.9.0-1)
[2020-10-24T07:49:32+0000] [ALPM] upgraded iputils (20190709-2 -> 20200821-1)
[2020-10-24T07:49:33+0000] [ALPM] upgraded libedit (20191231_3.1-1 -> 20191231_3.1-2)
[2020-10-24T07:49:33+0000] [ALPM] upgraded libusb (1.0.23-2 -> 1.0.23-3)
[2020-10-24T07:49:33+0000] [ALPM] upgraded mkinitcpio-busybox (1.31.1-1 -> 1.31.1-2)
[2020-10-24T07:49:33+0000] [ALPM] upgraded mpfr (4.0.2-2 -> 4.1.0-1)
[2020-10-24T07:49:35+0000] [ALPM] upgraded nano (5.0-1 -> 5.3-1)
[2020-10-24T07:49:36+0000] [ALPM] upgraded openresolv (3.10.0-1 -> 3.11.0-1)
[2020-10-24T07:49:37+0000] [ALPM] upgraded openssh (8.3p1-3 -> 8.4p1-1)
[2020-10-24T07:49:37+0000] [ALPM] upgraded systemd-sysvcompat (246.1-1 -> 246.6-1.1)
[2020-10-24T07:49:38+0000] [ALPM] transaction completed
[2020-10-24T07:49:38+0000] [ALPM] running '20-systemd-sysusers.hook'...
[2020-10-24T07:49:38+0000] [ALPM] running '30-systemd-catalog.hook'...
[2020-10-24T07:49:39+0000] [ALPM] running '30-systemd-daemon-reload.hook'...
[2020-10-24T07:49:39+0000] [ALPM-SCRIPTLET]   Skipped: Current root is not booted.
[2020-10-24T07:49:39+0000] [ALPM] running '30-systemd-hwdb.hook'...
[2020-10-24T07:49:42+0000] [ALPM] running '30-systemd-sysctl.hook'...
[2020-10-24T07:49:42+0000] [ALPM-SCRIPTLET]   Skipped: Current root is not booted.
[2020-10-24T07:49:42+0000] [ALPM] running '30-systemd-tmpfiles.hook'...
[2020-10-24T07:49:42+0000] [ALPM-SCRIPTLET] /usr/lib/tmpfiles.d/journal-nocow.conf:26: Failed to resolve specifier: uninitialized /etc detected, skipping
[2020-10-24T07:49:42+0000] [ALPM-SCRIPTLET] All rules containing unresolvable specifiers will be skipped.
[2020-10-24T07:49:42+0000] [ALPM-SCRIPTLET] /usr/lib/tmpfiles.d/systemd-tmp.conf:11: Failed to replace specifiers in '/tmp/systemd-private-%b-*': Permission denied
[2020-10-24T07:49:42+0000] [ALPM-SCRIPTLET] /usr/lib/tmpfiles.d/systemd-tmp.conf:12: Failed to replace specifiers in '/tmp/systemd-private-%b-*/tmp': Permission denied
[2020-10-24T07:49:42+0000] [ALPM-SCRIPTLET] /usr/lib/tmpfiles.d/systemd-tmp.conf:13: Failed to replace specifiers in '/var/tmp/systemd-private-%b-*': Permission denied
[2020-10-24T07:49:42+0000] [ALPM-SCRIPTLET] /usr/lib/tmpfiles.d/systemd-tmp.conf:14: Failed to replace specifiers in '/var/tmp/systemd-private-%b-*/tmp': Permission denied
[2020-10-24T07:49:42+0000] [ALPM-SCRIPTLET] /usr/lib/tmpfiles.d/systemd-tmp.conf:22: Failed to replace specifiers in '/var/lib/systemd/coredump/.#core*.%b*': Permission denied
[2020-10-24T07:49:43+0000] [ALPM] running '30-systemd-udev-reload.hook'...
[2020-10-24T07:49:43+0000] [ALPM-SCRIPTLET]   Skipped: Device manager is not running.
[2020-10-24T07:49:43+0000] [ALPM] running '30-systemd-update.hook'...
[2020-10-24T07:49:43+0000] [ALPM] running '40-update-ca-trust.hook'...
[2020-10-24T07:50:01+0000] [ALPM] running '90-mkinitcpio-install.hook'...
[2020-10-24T07:50:01+0000] [ALPM] running 'dbus-reload.hook'...
[2020-10-24T07:50:01+0000] [ALPM-SCRIPTLET]   Skipped: Current root is not booted.
[2020-10-24T07:50:01+0000] [ALPM] running 'detect-old-perl-modules.hook'...
[2020-10-24T08:03:58-0700] [PACMAN] Running 'pacman --color=always -S repo'
[2020-10-24T08:04:12-0700] [ALPM] transaction started
[2020-10-24T08:04:13-0700] [ALPM] installed perl-error (0.17029-2)
[2020-10-24T08:04:13-0700] [ALPM] installed perl-timedate (2.33-2)
[2020-10-24T08:04:14-0700] [ALPM] installed perl-mailtools (2.21-4)
[2020-10-24T08:04:24-0700] [ALPM] installed git (2.29.1-1)
[2020-10-24T08:04:24-0700] [ALPM] installed libnsl (1.3.0-1)
[2020-10-24T08:05:09-0700] [ALPM] installed python (3.8.6-1)
[2020-10-24T08:05:09-0700] [ALPM] installed repo (2.9-1)
[2020-10-24T08:05:11-0700] [ALPM] transaction completed
[2020-10-24T08:05:11-0700] [ALPM] running '20-systemd-sysusers.hook'...
[2020-10-24T08:05:11-0700] [ALPM-SCRIPTLET] Creating group git with gid 976.
[2020-10-24T08:05:11-0700] [ALPM-SCRIPTLET] Creating user git (git daemon user) with uid 976 and gid 976.
[2020-10-24T08:05:12-0700] [ALPM] running '30-systemd-daemon-reload.hook'...
[2020-10-24T08:05:12-0700] [ALPM-SCRIPTLET]   Skipped: Current root is not booted.
[2020-10-24T08:05:12-0700] [ALPM] running '30-systemd-update.hook'...
[2020-10-24T08:05:12-0700] [ALPM] running 'detect-old-perl-modules.hook'...
